Bolesławiec
Gromadka
Nowogrodziec
Osiecznica
Warta Bolesławiecka
Jawor
Bolków
Męcinka
Mściwojów
Paszowice
Wądroże Wielkie
Karpacz
Kowary
Piechowice
Szklarska Poręba
Janowice Wielkie
Jeżów Sudecki
Mysłakowice
Podgórzyn
Stara Kamienica
Kamienna Góra
Lubawka
Marciszów
Lubań
Świeradów-Zdrój
Leśna
Olszyna
Platerówka
Siekierczyn
Gryfów Śląski
Lubomierz
Lwówek Śląski
Mirsk
Wleń
Zawidów
Zgorzelec
Bogatynia
Pieńsk
Sulików
Węgliniec
Wojcieszów
Złotoryja
Pielgrzymka
Świerzawa
Zagrodno
Jelenia Góra
Głogów
Jerzmanowa
Kotla
Pęcław
Żukowice
Góra
Jemielno
Niechlów
Wąsosz
Chojnów
Krotoszyce
Kunice
Legnickie Pole
Miłkowice
Prochowice
Ruja
Lubin
Rudna
Ścinawa
Chocianów
Gaworzyce
Grębocice
Polkowice
Przemków
Radwanice
Legnica
Bielawa
Dzierżoniów
Pieszyce
Piława Górna
Łagiewniki
Niemcza
Duszniki
Kłodzko
Kudowa-Zdrój
Nowa Ruda
Polanica-Zdrój
Bystrzyca Kłodzka
Lądek-Zdrój
Lewin Kłodzki
Międzylesie
Radków
Stronie Śląskie
Szczytna
Świdnica
Świebodzice
Dobromierz
Jaworzyna Śląska
Marcinowice
Strzegom
Żarów
Boguszów-Gorce
Jedlina-Zdrój
Szczawno
Czarny Bór
Głuszyca
Mieroszów
Stare Bogaczowice
Walim
Wałbrzych
Bardo
Ciepłowody
Kamieniec Ząbkowicki
Stoszowice
Ząbkowice Śląskie
Ziębice
Złoty Stok
Cieszków
Krośnice
Milicz
Oleśnica
Bierutów
Dobroszyce
Dziadowa Kłoda
Międzybórz
Syców
Twardogóra
Oława
Domaniów
Jelcz-Laskowice
Borów
Kondratowice
Przeworno
Strzelin
Wiązów
Kostomłoty
Malczyce
Miękinia
Środa Śląska
Udanin
Oborniki Śląskie
Prusice
Trzebnica
Wisznia Mała
Zawonia
Żmigród
Brzeg Dolny
Wińsko
Wołów
Czernica
Długołęka
Jordanów Śląski
Kąty Wrocławskie
Kobierzyce
Mietków
Sobótka
Święta Katarzyna
Siechnice
Żórawina
Wrocław
Białe Błota
Dąbrowa Chełmińska
Dobrcz
Koronowo
Nowa Wieś Wielka
Osielsko
Sicienko
Solec Kujawski
Chełmża
Czernikowo
Lubicz
Łubianka
Łysomice
Obrowo
Wielka Nieszawka
Zławieś Wielka
Bydgoszcz
Toruń
Brodnica
Bobrowo
Brzozie
Górzno
Bartniczka
Jabłonowo Pomorskie
Osiek
Świedziebnia
Zbiczno
Chełmno
Kijewo Królewskie
Lisewo
Papowo Biskupie
Stolno
Unisław
Golub-Dobrzyń
Ciechocin
Kowalewo Pomorskie
Radomin
Zbójno
Grudziądz
Gruta
Łasin
Radzyń Chełmiński
Rogóźno
Świecie nad Osą
Kamień Krajeński
Sępólno Krajeńskie
Sośno
Więcbork
Bukowiec
Dragacz
Drzycim
Jeżewo
Lniano
Nowe
Osie
Pruszcz
Świecie
Świekatowo
Warlubie
Cekcyn
Gostycyn
Kęsowo
Lubiewo
Śliwice
Tuchola
Wąbrzeźno
Dębowa Łąka
Książki
Płużnica
Aleksandrów Kujawski
Ciechocinek
Nieszawa
Bądkowo
Koneck
Raciążek
Waganiec
Zakrzewo
Inowrocław
Dąbrowa Biskupia
Gniewkowo
Janikowo
Kruszwica
Pakość
Rojewo
Złotniki Kujawskie
Lipno
Bobrowniki
Chrostkowo
Dobrzyń nad Wisłą
Kikół
Skępe
Tłuchowo
Wielgie
Dąbrowa
Jeziora Wielkie
Mogilno
Strzelno
Kcynia
Mrocza
Nakło nad Notecią
Sadki
Szubin
Radziejów
Bytoń
Dobre
Osięciny
Piotrków Kujawski
Topólka
Rypin
Brzuze
Rogowo
Skrwilno
Wąpielsk
Kowal
Baruchowo
Boniewo
Brześć Kujawski
Choceń
Chodecz
Fabianki
Izbica Kujawska
Lubanie
Lubień Kujawski
Lubraniec
Włocławek
Barcin
Gąsawa
Janowiec Wielkopolski
Łabiszyn
Żnin
Międzyrzec Podlaski
Terespol
Biała Podlaska
Drelów
Janów Podlaski
Kodeń
Konstantynów
Leśna Podlaska
Łomazy
Piszczac
Rokitno
Rossosz
Sławatycze
Sosnówka
Tuczna
Wisznice
Zalesie
Dębowa Kłoda
Jabłoń
Milanów
Parczew
Podedwórze
Siemień
Sosnowica
Radzyń Podlaski
Borki
Czemierniki
Kąkolewnica Wschodnia
Komarówka Podlaska
Ulan
Wohyń
Włodawa
Hanna
Hańsk
Stary Brus
Urszulin
Wola Uhruska
Wyryki
Biłgoraj
Aleksandrów
Biszcza
Frampol
Goraj
Józefów
Księżpol
Łukowa
Obsza
Potok Górny
Tarnogród
Tereszpol
Turobin
Rejowiec Fabryczny
Białopole
Chełm
Dorohusk
Dubienka
Kamień
Leśniowice
Ruda
Sawin
Siedliszcze
Wierzbica
Wojsławice
Żmudź
Rejowiec
Hrubieszów
Dołhobyczów
Horodło
Mircze
Trzeszczany
Uchanie
Werbkowice
Krasnystaw
Fajsławice
Gorzków
Izbica
Kraśniczyn
Łopiennik Górny
Rudnik
Siennica Różana
Żółkiewka
Tomaszów Lubelski
Bełżec
Jarczów
Krynice
Lubycza Królewska
Łaszczów
Rachanie
Susiec
Tarnawatka
Telatyn
Tyszowce
Ulhówek
Adamów
Grabowiec
Komarów
Krasnobród
Łabunie
Miączyn
Nielisz
Radecznica
Sitno
Skierbieszów
Stary Zamość
Sułów
Szczebrzeszyn
Zamość
Zwierzyniec
Lubartów
Abramów
Firlej
Jeziorzany
Kamionka
Kock
Michów
Niedźwiada
Ostrów Lubelski
Ostrówek
Serniki
Uścimów
Bełżyce
Borzechów
Bychawa
Garbów
Głusk
Jabłonna
Jastków
Konopnica
Krzczonów
Niedrzwica Duża
Niemce
Strzyżewice
Wojciechów
Wólka
Wysokie
Zakrzew
Cyców
Ludwin
Łęczna
Milejów
Puchaczów
Spiczyn
Świdnik
Mełgiew
Piaski
Rybczewice
Trawniki
Lublin
Batorz
Chrzanów
Dzwola
Godziszów
Janów Lubelski
Modliborzyce
Potok Wielki
Kraśnik
Annopol
Dzierzkowice
Gościeradów
Szastarka
Trzydnik Duży
Urzędów
Wilkołaz
Zakrzówek
Łuków
Stoczek Łukowski
Krzywda
Serokomla
Stanin
Trzebieszów
Wojcieszków
Wola Mysłowska
Chodel
Józefów nad Wisłą
Karczmiska
Łaziska
Opole Lubelskie
Poniatowa
Wilków
Puławy
Baranów
Janowiec
Kazimierz Dolny
Końskowola
Kurów
Markuszów
Nałęczów
Wąwolnica
Żyrzyn
Dęblin
Kłoczew
Nowodwór
Ryki
Stężyca
Ułęż
Kostrzyn nad Odrą
Bogdaniec
Deszczno
Kłodawa
Lubiszyn
Santok
Witnica
Bledzew
Międzyrzecz
Przytoczna
Pszczew
Skwierzyna
Trzciel
Cybinka
Górzyca
Ośno Lubuskie
Rzepin
Słubice
Dobiegniew
Drezdenko
Stare Kurowo
Strzelce Krajeńskie
Zwierzyn
Krzeszyce
Lubniewice
Słońsk
Sulęcin
Torzym
Gorzów Wielkopolski
Gubin
Bobrowice
Bytnica
Dąbie
Krosno Odrzańskie
Maszewo
Nowa Sól
Bytom Odrzański
Kolsko
Kożuchów
Nowe Miasteczko
Otyń
Siedlisko
Sława
Szlichtyngowa
Wschowa
Lubrza
Łagów
Skąpe
Szczaniec
Świebodzin
Zbąszynek
Babimost
Bojadła
Czerwieńsk
Kargowa
Nowogród Bobrzański
Sulechów
Świdnica
Trzebiechów
Zabór
Zielona Góra
Gozdnica
Żagań
Brzeźnica
Iłowa
Małomice
Niegosławice
Szprotawa
Wymiarki
Łęknica
Żary
Brody
Jasień
Lipinki Łużyckie
Lubsko
Przewóz
Trzebiel
Tuplice
Brzeziny
Andrespol
Brójce
Dmosin
Jeżów
Koluszki
Nowosolna
Rogów
Rzgów
Tuszyn
Konstantynów Łódzki
Pabianice
Dłutów
Dobroń
Ksawerów
Lutomiersk
Głowno
Ozorków
Zgierz
Aleksandrów Łódzki
Parzęczew
Stryków
Łódź
Bełchatów
Drużbice
Kleszczów
Kluki
Rusiec
Szczerców
Zelów
Białaczów
Drzewica
Mniszków
Opoczno
Paradyż
Poświętne
Sławno
Żarnów
Aleksandrów
Czarnocin
Gorzkowice
Grabica
Łęki Szlacheckie
Moszczenica
Ręczno
Rozprza
Sulejów
Wola Krzysztoporska
Wolbórz
Radomsko
Dobryszyce
Gidle
Gomunice
Kamieńsk
Kobiele Wielkie
Kodrąb
Lgota Wielka
Ładzice
Masłowice
Przedbórz
Wielgomłyny
Żytno
Tomaszów Mazowiecki
Będków
Budziszewice
Czerniewice
Inowłódz
Lubochnia
Rokiciny
Rzeczyca
Ujazd
Żelechlinek
Piotrków Trybunalski
Buczek
Łask
Sędziejowice
Widawa
Wodzierady
Działoszyn
Kiełczygłów
Nowa Brzeźnica
Pajęczno
Rząśnia
Siemkowice
Strzelce Wielkie
Sulmierzyce
Dalików
Pęczniew
Poddębice
Uniejów
Wartkowice
Zadzim
Sieradz
Błaszki
Brąszewice
Brzeźnio
Burzenin
Goszczanów
Klonowa
Warta
Wróblew
Złoczew
Biała
Czarnożyły
Konopnica
Mokrsko
Osjaków
Ostrówek
Pątnów
Skomlin
Wieluń
Wierzchlas
Bolesławiec
Czastary
Galewice
Lututów
Łubnice
Sokolniki
Wieruszów
Zduńska Wola
Szadek
Zapolice
Kutno
Bedlno
Dąbrowice
Krośniewice
Krzyżanów
Łanięta
Nowe Ostrowy
Oporów
Strzelce
Żychlin
Łęczyca
Daszyna
Góra Świętej Małgorzaty
Grabów
Piątek
Świnice Warckie
Witonia
Łowicz
Bielawy
Chąśno
Domaniewice
Kiernozia
Kocierzew Południowy
Łyszkowice
Nieborów
Zduny
Rawa Mazowiecka
Biała Rawska
Cielądz
Regnów
Sadkowice
Bolimów
Głuchów
Godzianów
Kowiesy
Lipce Reymontowskie
Maków
Nowy Kawęczyn
Skierniewice
Słupia
Bochnia
Drwinia
Lipnica Murowana
Łapanów
Nowy Wiśnicz
Rzezawa
Trzciana
Żegocina
Czernichów
Igołomia
Iwanowice
Jerzmanowice
Kocmyrzów
Krzeszowice
Liszki
Michałowice
Mogilany
Skała
Skawina
Słomniki
Sułoszowa
Świątniki Górne
Wielka Wieś
Zabierzów
Zielonki
Charsznica
Gołcza
Kozłów
Książ Wielki
Miechów
Racławice
Słaboszów
Dobczyce
Lubień
Myślenice
Pcim
Raciechowice
Siepraw
Sułkowice
Tokarnia
Wiśniowa
Koniusza
Koszyce
Nowe Brzesko
Pałecznica
Proszowice
Radziemice
Biskupice
Gdów
Kłaj
Niepołomice
Wieliczka
Kraków
Gorlice
Biecz
Bobowa
Lipinki
Łużna
Moszczenica
Ropa
Sękowa
Uście Gorlickie
Limanowa
Mszana Dolna
Dobra
Jodłownik
Kamienica
Laskowa
Łukowica
Niedźwiedź
Słopnice
Tymbark
Grybów
Chełmiec
Gródek nad Dunajcem
Kamionka Wielka
Korzenna
Krynica-Zdrój
Łabowa
Łącko
Łososina Dolna
Muszyna
Nawojowa
Piwniczna-Zdrój
Podegrodzie
Rytro
Stary Sącz
Nowy Targ
Szczawnica
Czarny Dunajec
Czorsztyn
Jabłonka
Krościenko nad Dunajcem
Lipnica Wielka
Łapsze Niżne
Ochotnica Dolna
Raba Wyżna
Rabka-Zdrój
Spytkowice
Szaflary
Zakopane
Biały Dunajec
Bukowina Tatrzańska
Kościelisko
Poronin
Nowy Sącz
Alwernia
Babice
Chrzanów
Libiąż
Trzebinia
Bukowno
Sławków
Bolesław
Klucze
Olkusz
Trzyciąż
Wolbrom
Oświęcim
Brzeszcze
Chełmek
Kęty
Osiek
Polanka Wielka
Przeciszów
Zator
Jordanów
Sucha Beskidzka
Budzów
Bystra
Maków Podhalański
Stryszawa
Zawoja
Zembrzyce
Andrychów
Brzeźnica
Kalwaria Zebrzydowska
Lanckorona
Mucharz
Stryszów
Tomice
Wadowice
Wieprz
Borzęcin
Brzesko
Czchów
Dębno
Gnojnik
Iwkowa
Szczurowa
Dąbrowa Tarnowska
Gręboszów
Mędrzechów
Olesno
Radgoszcz
Szczucin
Ciężkowice
Gromnik
Lisia Góra
Pleśna
Radłów
Ryglice
Rzepiennik Strzyżewski
Skrzyszów
Tarnów
Tuchów
Wierzchosławice
Wietrzychowice
Wojnicz
Zakliczyn
Żabno
Szerzyny
Ciechanów
Glinojeck
Gołymin
Grudusk
Ojrzeń
Opinogóra Górna
Regimin
Sońsk
Gostynin
Pacyna
Sanniki
Szczawin Kościelny
Mława
Dzierzgowo
Lipowiec Kościelny
Radzanów
Strzegowo
Stupsk
Szreńsk
Szydłowo
Wieczfnia Kościelna
Wiśniewo
Bielsk
Bodzanów
Brudzeń Duży
Bulkowo
Drobin
Gąbin
Łąck
Mała Wieś
Nowy Duninów
Radzanowo
Słubice
Słupno
Stara Biała
Staroźreby
Wyszogród
Płońsk
Raciąż
Baboszewo
Czerwińsk nad Wisłą
Dzierzążnia
Joniec
Naruszewo
Nowe Miasto
Sochocin
Załuski
Sierpc
Gozdowo
Mochowo
Rościszewo
Szczutowo
Zawidz
Bieżuń
Kuczbork
Lubowidz
Lutocin
Siemiątkowo
Żuromin
Płock
Huszlew
Łosice
Olszanka
Platerów
Sarnaki
Stara Kornica
Maków Mazowiecki
Czerwonka
Karniewo
Krasnosielc
Młynarze
Płoniawy
Różan
Rzewnie
Sypniewo
Szelków
Baranowo
Czarnia
Czerwin
Goworowo
Kadzidło
Lelis
Łyse
Myszyniec
Olszewo
Rzekuń
Troszyn
Ostrów Mazowiecka
Andrzejewo
Boguty
Brok
Małkinia Górna
Nur
Stary Lubotyń
Szulborze Wielkie
Wąsewo
Zaręby Kościelne
Przasnysz
Chorzele
Czernice Borowe
Jednorożec
Krasne
Krzynowłoga Mała
Gzy
Obryte
Pokrzywnica
Pułtusk
Świercze
Winnica
Zatory
Domanice
Korczew
Kotuń
Mokobody
Mordy
Paprotnia
Przesmyki
Siedlce
Skórzec
Suchożebry
Wiśniew
Wodynie
Zbuczyn
Sokołów Podlaski
Bielany
Ceranów
Jabłonna Lacka
Kosów Lacki
Repki
Sabnie
Sterdyń
Węgrów
Grębków
Korytnica
Liw
Łochów
Miedzna
Sadowne
Stoczek
Wierzbno
Brańszczyk
Długosiodło
Rząśnik
Somianka
Wyszków
Zabrodzie
Ostrołęka
Białobrzegi
Promna
Stara Błotnica
Stromiec
Wyśmierzyce
Garbatka
Głowaczów
Gniewoszów
Grabów nad Pilicą
Kozienice
Magnuszew
Sieciechów
Chotcza
Ciepielów
Lipsko
Rzeczniów
Sienno
Solec nad Wisłą
Borkowice
Gielniów
Klwów
Odrzywół
Potworów
Przysucha
Rusinów
Wieniawa
Pionki
Gózd
Iłża
Jastrzębia
Jedlińsk
Jedlnia
Kowala
Przytyk
Skaryszew
Wierzbica
Wolanów
Zakrzew
Chlewiska
Jastrząb
Mirów
Orońsko
Szydłowiec
Kazanów
Policzna
Przyłęk
Tczów
Zwoleń
Radom
Warszawa
Bemowo
Białołęka
Mokotów
Ochota
Praga
Rembertów
Śródmieście
Targówek
Ursus
Ursynów
Wawer
Wesoła
Wilanów
Włochy
Wola
Żoliborz
Garwolin
Łaskarzew
Borowie
Górzno
Maciejowice
Miastków Kościelny
Parysów
Pilawa
Sobolew
Trojanów
Wilga
Żelechów
Legionowo
Jabłonna
Nieporęt
Serock
Wieliszew
Mińsk Mazowiecki
Sulejówek
Cegłów
Dębe Wielkie
Dobre
Halinów
Jakubów
Kałuszyn
Latowicz
Mrozy
Siennica
Stanisławów
Nowy Dwór Mazowiecki
Czosnów
Leoncin
Nasielsk
Pomiechówek
Zakroczym
Józefów
Otwock
Celestynów
Karczew
Kołbiel
Osieck
Sobienie
Wiązowna
Kobyłka
Marki
Ząbki
Zielonka
Dąbrówka
Jadów
Klembów
Poświętne
Radzymin
Strachówka
Tłuszcz
Wołomin
Milanówek
Podkowa Leśna
Baranów
Grodzisk Mazowiecki
Jaktorów
Żabia Wola
Belsk Duży
Błędów
Chynów
Goszczyn
Grójec
Jasieniec
Mogielnica
Nowe Miasto nad Pilicą
Pniewy
Tarczyn
Warka
Góra Kalwaria
Konstancin-Jeziorna
Lesznowola
Piaseczno
Prażmów
Piastów
Pruszków
Brwinów
Michałowice
Nadarzyn
Raszyn
Sochaczew
Brochów
Iłów
Młodzieszyn
Nowa Sucha
Rybno
Teresin
Błonie
Izabelin
Kampinos
Leszno
Łomianki
Ożarów Mazowiecki
Stare Babice
Żyrardów
Mszczonów
Puszcza Mariańska
Radziejowice
Wiskitki
Brzeg
Skarbimierz
Grodków
Lewin Brzeski
Lubsza
Olszanka
Byczyna
Kluczbork
Lasowice Wielkie
Wołczyn
Domaszowice
Namysłów
Pokój
Świerczów
Wilków
Głuchołazy
Kamiennik
Korfantów
Łambinowice
Nysa
Otmuchów
Paczków
Pakosławice
Skoroszyce
Biała
Głogówek
Lubrza
Prudnik
Baborów
Branice
Głubczyce
Kietrz
Kędzierzyn-Koźle
Bierawa
Cisek
Pawłowiczki
Polska Cerekiew
Reńska Wieś
Gogolin
Krapkowice
Strzeleczki
Walce
Zdzieszowice
Dobrodzień
Gorzów Śląski
Olesno
Praszka
Radłów
Rudniki
Zębowice
Chrząstowice
Dąbrowa
Dobrzeń Wielki
Komprachcice
Łubniany
Murów
Niemodlin
Ozimek
Popielów
Prószków
Tarnów Opolski
Tułowice
Turawa
Izbicko
Jemielnica
Kolonowskie
Leśnica
Strzelce Opolskie
Ujazd
Zawadzkie
Opole
Baligród
Cisna
Czarna
Lesko
Lutowiska
Olszanica
Solina
Ustrzyki Dolne
Brzozów
Domaradz
Dydnia
Haczów
Jasienica Rosielna
Nozdrzec
Jasło
Brzyska
Dębowiec
Kołaczyce
Krempna
Nowy Żmigród
Osiek Jasielski
Skołyszyn
Szerzyny
Tarnowiec
Chorkówka
Dukla
Iwonicz-Zdrój
Jedlicze
Korczyna
Krościenko Wyżne
Miejsce Piastowe
Rymanów
Wojaszówka
Sanok
Besko
Bukowsko
Komańcza
Tyrawa Wołoska
Zagórz
Zarszyn
Krosno
Jarosław
Radymno
Chłopice
Laszki
Pawłosiów
Pruchnik
Rokietnica
Roźwienica
Wiązownica
Lubaczów
Cieszanów
Horyniec
Narol
Oleszyce
Stary Dzików
Wielkie Oczy
Bircza
Dubiecko
Fredropol
Krasiczyn
Krzywcza
Medyka
Orły
Przemyśl
Stubno
Żurawica
Przeworsk
Adamówka
Gać
Jawornik Polski
Kańczuga
Sieniawa
Tryńcza
Zarzecze
Cmolas
Kolbuszowa
Majdan Królewski
Niwiska
Raniżów
Dzikowiec
Łańcut
Białobrzegi
Markowa
Rakszawa
Żołynia
Iwierzyce
Ostrów
Ropczyce
Sędziszów Małopolski
Wielopole Skrzyńskie
Dynów
Błażowa
Boguchwała
Chmielnik
Głogów Małopolski
Hyżne
Kamień
Krasne
Lubenia
Sokołów Małopolski
Świlcza
Trzebownisko
Tyczyn
Czudec
Frysztak
Niebylec
Strzyżów
Wiśniowa
Rzeszów
Dębica
Brzostek
Jodłowa
Pilzno
Żyraków
Leżajsk
Grodzisko Dolne
Kuryłówka
Nowa Sarzyna
Mielec
Borowa
Czermin
Gawłuszowice
Padew Narodowa
Przecław
Radomyśl Wielki
Tuszów Narodowy
Wadowice Górne
Harasiuki
Jarocin
Jeżowe
Krzeszów
Nisko
Rudnik nad Sanem
Ulanów
Stalowa Wola
Bojanów
Pysznica
Radomyśl nad Sanem
Zaklików
Zaleszany
Baranów Sandomierski
Gorzyce
Grębów
Nowa Dęba
Tarnobrzeg
Choroszcz
Czarna Białostocka
Dobrzyniewo Duże
Gródek
Juchnowiec Kościelny
Łapy
Michałowo
Poświętne
Supraśl
Suraż
Turośń Kościelna
Tykocin
Wasilków
Zabłudów
Zawady
Dąbrowa Białostocka
Janów
Korycin
Krynki
Kuźnica
Nowy Dwór
Sidra
Sokółka
Suchowola
Szudziałowo
Białystok
Bielsk Podlaski
Brańsk
Boćki
Orla
Rudka
Wyszki
Hajnówka
Białowieża
Czeremcha
Czyże
Dubicze Cerkiewne
Kleszczele
Narew
Narewka
Kolno
Grabowo
Mały Płock
Stawiski
Turośl
Jedwabne
Łomża
Miastkowo
Nowogród
Piątnica
Przytuły
Śniadowo
Wizna
Zbójna
Siemiatycze
Drohiczyn
Dziadkowice
Grodzisk
Mielnik
Milejczyce
Nurzec
Perlejewo
Wysokie Mazowieckie
Ciechanowiec
Czyżew
Klukowo
Kobylin
Kulesze Kościelne
Nowe Piekuty
Sokoły
Szepietowo
Zambrów
Kołaki Kościelne
Rutki
Szumowo
Augustów
Bargłów Kościelny
Lipsk
Nowinka
Płaska
Sztabin
Grajewo
Radziłów
Rajgród
Szczuczyn
Wąsosz
Goniądz
Jasionówka
Jaświły
Knyszyn
Krypno
Mońki
Trzcianne
Sejny
Giby
Krasnopol
Puńsk
Bakałarzewo
Filipów
Jeleniewo
Przerośl
Raczki
Rutka
Suwałki
Szypliszki
Wiżajny
Pruszcz Gdański
Cedry Wielkie
Kolbudy
Przywidz
Pszczółki
Suchy Dąb
Trąbki Wielkie
Chmielno
Kartuzy
Przodkowo
Sierakowice
Somonino
Stężyca
Sulęczyno
Żukowo
Krynica Morska
Nowy Dwór Gdański
Ostaszewo
Stegna
Sztutowo
Hel
Jastarnia
Puck
Władysławowo
Kosakowo
Krokowa
Reda
Rumia
Wejherowo
Choczewo
Gniewino
Linia
Luzino
Łęczyce
Szemud
Borzytuchom
Bytów
Czarna Dąbrówka
Kołczygłowy
Lipnica
Miastko
Parchowo
Studzienice
Trzebielino
Tuchomie
Chojnice
Brusy
Czersk
Konarzyny
Człuchów
Czarne
Debrzno
Koczała
Przechlewo
Rzeczenica
Lębork
Łeba
Cewice
Nowa Wieś Lęborska
Wicko
Ustka
Damnica
Dębnica Kaszubska
Główczyce
Kępice
Kobylnica
Potęgowo
Słupsk
Smołdzino
Kościerzyna
Dziemiany
Karsin
Liniewo
Lipusz
Nowa Karczma
Stara Kiszewa
Kwidzyn
Gardeja
Prabuty
Ryjewo
Sadlinki
Malbork
Dzierzgoń
Lichnowy
Mikołajki Pomorskie
Miłoradz
Nowy Staw
Stare Pole
Stary Dzierzgoń
Stary Targ
Sztum
Czarna Woda
Skórcz
Starogard Gdański
Bobowo
Kaliska
Lubichowo
Osieczna
Osiek
Skarszewy
Smętowo Graniczne
Zblewo
Tczew
Gniew
Morzeszczyn
Pelplin
Subkowy
Gdańsk
Gdynia
Sopot
Szczyrk
Bestwina
Buczkowice
Czechowice-Dziedzice
Jasienica
Jaworze
Kozy
Porąbka
Wilamowice
Wilkowice
Cieszyn
Ustroń
Wisła
Brenna
Chybie
Dębowiec
Goleszów
Hażlach
Istebna
Skoczów
Strumień
Zebrzydowice
Żywiec
Czernichów
Gilowice
Jeleśnia
Koszarawa
Lipowa
Łękawica
Łodygowice
Milówka
Radziechowy
Rajcza
Ślemień
Świnna
Ujsoły
Węgierska Górka
Bielsko-Biała
Lubliniec
Boronów
Ciasna
Herby
Kochanowice
Koszęcin
Pawonków
Woźniki
Kalety
Miasteczko Śląskie
Radzionków
Tarnowskie Góry
Krupski Młyn
Ożarowice
Świerklaniec
Tworóg
Zbrosławice
Bytom
Piekary Śląskie
Blachownia
Dąbrowa Zielona
Janów
Kamienica Polska
Kłomnice
Koniecpol
Konopiska
Kruszyna
Lelów
Mstów
Mykanów
Olsztyn
Poczesna
Przyrów
Rędziny
Starcza
Kłobuck
Krzepice
Lipie
Miedźno
Opatów
Panki
Popów
Przystajń
Wręczyca Wielka
Myszków
Koziegłowy
Niegowa
Poraj
Żarki
Częstochowa
Knurów
Pyskowice
Gierałtowice
Pilchowice
Rudziniec
Sośnicowice
Toszek
Wielowieś
Gliwice
Zabrze
Chorzów
Katowice
Mysłowice
Ruda Śląska
Siemianowice Śląskie
Świętochłowice
Racibórz
Kornowac
Krzanowice
Krzyżanowice
Kuźnia Raciborska
Nędza
Pietrowice Wielkie
Rudnik
Czerwionka-Leszczyny
Gaszowice
Jejkowice
Lyski
Świerklany
Pszów
Radlin
Rydułtowy
Wodzisław Śląski
Godów
Gorzyce
Lubomia
Marklowice
Mszana
Jastrzębie-Zdrój
Rybnik
Żory
Będzin
Czeladź
Wojkowice
Bobrowniki
Mierzęcice
Psary
Siewierz
Sławków
Poręba
Zawiercie
Irządze
Kroczyce
Łazy
Ogrodzieniec
Pilica
Szczekociny
Włodowice
Żarnowiec
Dąbrowa Górnicza
Jaworzno
Sosnowiec
Łaziska Górne
Mikołów
Orzesze
Ornontowice
Wyry
Goczałkowice
Kobiór
Miedźna
Pawłowice
Pszczyna
Suszec
Bieruń
Imielin
Lędziny
Bojszowy
Chełm Śląski
Tychy
Bieliny
Bodzentyn
Chęciny
Chmielnik
Daleszyce
Górno
Łagów
Łopuszno
Masłów
Miedziana Góra
Mniów
Morawica
Nowa Słupia
Piekoszów
Pierzchnica
Raków
Sitkówka
Strawczyn
Zagnańsk
Fałków
Gowarczów
Końskie
Radoszyce
Ruda Maleniecka
Słupia
Smyków
Stąporków
Ostrowiec Świętokrzyski
Bałtów
Bodzechów
Ćmielów
Kunów
Waśniów
Skarżysko-Kamienna
Bliżyn
Łączna
Skarżysko Kościelne
Suchedniów
Starachowice
Brody
Mirzec
Pawłów
Wąchock
Kielce
Busko-Zdrój
Gnojno
Nowy Korczyn
Pacanów
Solec
Stopnica
Tuczępy
Wiślica
Imielno
Jędrzejów
Małogoszcz
Nagłowice
Oksa
Sędziszów
Sobków
Wodzisław
Bejsce
Czarnocin
Kazimierza Wielka
Opatowiec
Skalbmierz
Baćkowice
Iwaniska
Lipnik
Opatów
Ożarów
Sadowie
Tarłów
Wojciechowice
Działoszyce
Kije
Michałów
Pińczów
Złota
Sandomierz
Dwikozy
Klimontów
Koprzywnica
Łoniów
Obrazów
Samborzec
Wilczyce
Zawichost
Bogoria
Łubnice
Oleśnica
Osiek
Połaniec
Rytwiany
Staszów
Szydłów
Kluczewsko
Krasocin
Moskorzew
Radków
Secemin
Włoszczowa
Braniewo
Frombork
Lelkowo
Pieniężno
Płoskinia
Wilczęta
Działdowo
Iłowo
Lidzbark
Płośnica
Rybno
Elbląg
Godkowo
Gronowo Elbląskie
Markusy
Milejewo
Młynary
Pasłęk
Rychliki
Tolkmicko
Iława
Lubawa
Kisielice
Susz
Zalewo
Nowe Miasto Lubawskie
Biskupiec
Grodziczno
Kurzętnik
Ostróda
Dąbrówno
Grunwald
Łukta
Małdyty
Miłakowo
Miłomłyn
Morąg
Ełk
Kalinowo
Prostki
Stare Juchy
Giżycko
Banie Mazurskie
Budry
Kruklanki
Miłki
Pozezdrze
Ryn
Węgorzewo
Wydminy
Dubeninki
Gołdap
Kowale Oleckie
Olecko
Świętajno
Wieliczki
Biała Piska
Orzysz
Pisz
Ruciane-Nida
Bartoszyce
Górowo Iławeckie
Bisztynek
Sępopol
Kętrzyn
Barciany
Korsze
Reszel
Srokowo
Lidzbark Warmiński
Kiwity
Lubomino
Orneta
Mrągowo
Mikołajki
Piecki
Sorkwity
Janowiec Kościelny
Janowo
Kozłowo
Nidzica
Barczewo
Dobre Miasto
Dywity
Gietrzwałd
Jeziorany
Jonkowo
Kolno
Olsztynek
Purda
Stawiguda
Świątki
Szczytno
Dźwierzuty
Jedwabno
Pasym
Rozogi
Wielbark
Olsztyn
Jaraczewo
Jarocin
Kotlin
Żerków
Blizanów
Brzeziny
Ceków
Godziesze Wielkie
Koźminek
Lisków
Mycielin
Opatówek
Stawiszyn
Szczytniki
Żelazków
Baranów
Bralin
Kępno
Łęka Opatowska
Perzów
Rychtal
Trzcinica
Sulmierzyce
Kobylin
Koźmin Wielkopolski
Krotoszyn
Rozdrażew
Zduny
Ostrów Wielkopolski
Nowe Skalmierzyce
Odolanów
Przygodzice
Raszków
Sieroszewice
Sośnie
Czajków
Doruchów
Grabów nad Prosną
Kobyla Góra
Kraszewice
Mikstat
Ostrzeszów
Chocz
Czermin
Dobrzyca
Gizałki
Gołuchów
Pleszew
Kalisz
Gniezno
Czerniejewo
Kiszkowo
Kłecko
Łubowo
Mieleszyn
Niechanowo
Trzemeszno
Witkowo
Koło
Babiak
Chodów
Dąbie
Grzegorzew
Kłodawa
Kościelec
Olszówka
Osiek Mały
Przedecz
Golina
Grodziec
Kazimierz Biskupi
Kleczew
Kramsk
Krzymów
Rychwał
Rzgów
Skulsk
Sompolno
Stare Miasto
Ślesin
Wierzbinek
Wilczyn
Słupca
Lądek
Orchowo
Ostrowite
Powidz
Strzałkowo
Zagórów
Turek
Brudzew
Dobra
Kawęczyn
Malanów
Przykona
Tuliszków
Władysławów
Kołaczkowo
Miłosław
Nekla
Pyzdry
Września
Konin
Borek Wielkopolski
Gostyń
Krobia
Pępowo
Piaski
Pogorzela
Poniec
Granowo
Grodzisk Wielkopolski
Kamieniec
Rakoniewice
Wielichowo
Kościan
Czempiń
Krzywiń
Śmigiel
Krzemieniewo
Lipno
Osieczna
Rydzyna
Święciechowa
Wijewo
Włoszakowice
Chrzypsko Wielkie
Kwilcz
Międzychód
Sieraków
Kuślin
Lwówek
Miedzichowo
Nowy Tomyśl
Opalenica
Zbąszyń
Bojanowo
Jutrosin
Miejska Górka
Pakosław
Rawicz
Przemęt
Siedlec
Wolsztyn
Leszno
Chodzież
Budzyń
Margonin
Szamocin
Czarnków
Drawsko
Krzyż Wielkopolski
Lubasz
Połajewo
Trzcianka
Wieleń
Piła
Białośliwie
Kaczory
Łobżenica
Miasteczko Krajeńskie
Szydłowo
Ujście
Wyrzysk
Wysoka
Wągrowiec
Damasławek
Gołańcz
Mieścisko
Skoki
Wapno
Złotów
Jastrowie
Krajenka
Lipka
Okonek
Tarnówka
Zakrzewo
Oborniki
Rogoźno
Ryczywół
Luboń
Puszczykowo
Buk
Czerwonak
Dopiewo
Kleszczewo
Komorniki
Kostrzyn
Kórnik
Mosina
Murowana Goślina
Pobiedziska
Rokietnica
Stęszew
Suchy Las
Swarzędz
Tarnowo Podgórne
Obrzycko
Duszniki-Zdrój
Kaźmierz
Ostroróg
Pniewy
Szamotuły
Wronki
Dominowo
Krzykosy
Nowe Miasto nad Wartą
Środa Wielkopolska
Zaniemyśl
Brodnica
Dolsk
Książ Wielkopolski
Śrem
Poznań
Białogard
Karlino
Tychowo
Czaplinek
Drawsko Pomorskie
Kalisz Pomorski
Ostrowice
Wierzchowo
Złocieniec
Kołobrzeg
Dygowo
Gościno
Rymań
Siemyśl
Ustronie Morskie
Będzino
Biesiekierz
Bobolice
Manowo
Mielno
Polanów
Sianów
Świeszyno
Darłowo
Sławno
Malechowo
Postomino
Szczecinek
Barwice
Biały Bór
Borne Sulinowo
Grzmiąca
Świdwin
Brzeżno
Połczyn-Zdrój
Rąbino
Sławoborze
Wałcz
Człopa
Mirosławiec
Tuczno
Koszalin
Bierzwnik
Choszczno
Drawno
Krzęcin
Pełczyce
Recz
Brojce
Gryfice
Karnice
Płoty
Radowo Małe
Resko
Rewal
Trzebiatów
Barlinek
Boleszkowice
Dębno
Myślibórz
Nowogródek Pomorski
Bielice
Kozielice
Lipiany
Przelewice
Pyrzyce
Warnice
Stargard Szczeciński
Chociwel
Dobrzany
Dolice
Ińsko
Kobylanka
Łobez
Marianowo
Stara Dąbrowa
Suchań
Węgorzyno
Dobra
Szczecin
Goleniów
Maszewo
Nowogard
Osina
Przybiernów
Stepnica
Banie
Cedynia
Chojna
Gryfino
Mieszkowice
Moryń
Stare Czarnowo
Trzcińsko-Zdrój
Widuchowa
Dziwnów
Golczewo
Kamień Pomorski
Międzyzdroje
Świerzno
Wolin
Kołbaskowo
Nowe Warpno
Police
Świnoujście
