A# .NET
A# (Axiom)
A-0 System
A+
A++
ABAP
ABC
ABC ALGOL
ABSET
ABSYS
ACC
Accent
Ace DASL
ACT-III
Action!
ActionScript
Ada
Adenine
Agda
Agilent VEE
Agora
AIMMS
Alef
ALF
ALGOL 58
ALGOL 60
ALGOL 68
ALGOL W
Alice
Alma-0
AmbientTalk
Amiga E
AMOS
AMPL
Apex
APL
App Inventor for Android's visual block language
AppleScript
APT
Arc
ARexx
Argus
AspectJ
Assembly language
Assembler
ATS
Ateji PX
AutoHotkey
Autocoder
AutoIt
AutoLISP / Visual LISP
Averest
AWK
Axum
Active Server Pages
Babbage
Bash
BASIC
BCPL
BeanShell
Batch
Bertrand
BETA
Bistro
BLISS
Blockly
BlooP
Boo
Boomerang
Bourne shell
BREW
BPEL
Business Basic
C
C--
C++
C#
CSS
CSS3
CSS5
C/AL
Caché ObjectScript
C Shell
Caml
Cayenne
CDuce
Cecil
Cesil
Céu
Ceylon
CFEngine
CFML
Cg
Ch
Chapel
Charity
Charm
CHILL
CHIP-8
chomski
ChucK
CICS
Cilk
Citrine 
CL
Claire
Clarion
Clean
Clipper
CLIPS
CLIST
Clojure
CLU
CMS-2
COBOL
CobolScript
Cobra
CODE
CoffeeScript
ColdFusion
COMAL
Combined Programming Language
CPL
COMIT
Common Intermediate Language
CIL
Common Lisp
CL
COMPASS
Component Pascal
Constraint Handling Rules
CHR
COMTRAN
Converge
Cool
Coq
Coral 66
Corn
CorVision
COWSEL
CPL
Cryptol
Crystal
csh
Csound
CSP
CUDA
Curl
Curry
Cybil
Cyclone
Cython
D
DASL
Datapoint's Advanced Systems Language
DASL
Distributed Application Specification Language
Dart
DataFlex
Datalog
DATATRIEVE
dBase
dc
DCL
Deesel
Delphi
DinkC
DIBOL
Dog
Draco
DRAKON
Dylan
DYNAMO
EarSketch
Ease
Easy PL/I
Easy Programming Language
EASYTRIEVE PLUS
ECMAScript
Edinburgh IMP
EGL
Eiffel
ELAN
Elixir
Elm
Emacs Lisp
Emerald
Epigram
EPL
Erlang
es
Escher
ESPOL
Esterel
Etoys
Euclid
Euler
Euphoria
EusLisp Robot Programming Language
CMS EXEC
EXEC
EXEC 2
Executable UML
Emojicode
F
F#
F*
Factor
Falcon
Fantom
FAUST
FFP
Fjölnir
FL
Flavors
Flex
FlooP
FLOW-MATIC
FOCAL
FOCUS
FOIL
FORMAC
@Formula
Forth
Fortran
Fortress
FoxBase
FoxPro
FP
Franz Lisp
Frege
F-Script
G
Game Maker Language
GameMonkey Script
GAMS
GAP
G-code
GDScript
Genie
GDL
GJ
GEORGE
GLSL
GNU E
GMGo
Go!
GOAL
Gödel
Golo
GOM
Good Old Mad
Google Apps Script
Gosu
GOTRAN
GPSS
GraphTalk
GRASS
Groovy
Hack
HAGGIS
HAL/S
Halide
Hamilton C shell
Harbour
Hartmann pipelines
Haskell
Haxe
Hermes
High Level Assembly
HLSL
HTML
HTML5
Hop
Hopscotch
Hope
Hugo
Hume
HyperTalk
IBM Basic assembly language
IBM HAScript
IBM Informix-4GL
IBM RPG
ICI
Icon
Id
IDL
Idris
IMP
Inform
INTERLISP
Io
Ioke
IPL
IPTSCRAE
ISLISP
ISPF
ISWIM
J
J#
J++
JADE
JAL
Janus
Janus (concurrent constraint programming language)
Janus (time-reversible computing programming language)
JASS
Java
JavaScript
Javascript
JCL
JEAN
Join Java
JOSS
Joule
JOVIAL
Joy
JScript
JScript .NET
.NET
JavaFX Script
Julia
Jython
K
Kaleidoscope
Karel
Karel++
KEE
Kixtart
Klerer-May System
KIF
Kojo
Kotlin
KRC
KRL
KRL (KUKA Robot Language)
KRYPTON
ksh
Kodu
L
LabVIEW
Ladder
Lagoona
LANSA
Lasso
LaTeX
Lava
LC-3
Leda
Legoscript
LIL
LilyPond
Limbo
Limnor
LINC
Lingo
LIS
LISA
Lisaac
Lisp
Lite-C
Lithe
Little b
Logo
Logtalk
LotusScript
LPC
LSE
LSL
LiveCode
LiveScript
Lua
Lucid
Lustre
LYaPAS
Lynx
M2001
M4
M#
Machine code
MAD
MAD (Michigan Algorithm Decoder)
MAD/I
Magik
Magma
Maude system
Maple
MAPPER
MARK-IV
Mary
MASM Microsoft Assembly x86
MATH-MATIC
Mathematica
MATLAB
Maxima
Macsyma
Max
Max (Max Msp – Graphical Programming Environment)
MaxScript
MaxScript internal language 3D Studio Max
Maya (MEL)
MDL
Mercury
Mesa
Metafont
MetaQuotes
MetaQuotes Language (MQL4/MQL5)
Microcode
MicroScript
MIIS
Milk
MIMIC
Mirah
Miranda
MIVA Script
ML
Model 204
Modelica
Modula
Modula-2
Modula-3
Mohol
MOO
Mortran
Mouse
MPD
Mathcad
MSIL
MSL
MUMPS
MuPAD
MPL
Mystic Programming Language (MPL)
NASM
Napier88
Neko
Nemerle
nesC
NESL
Net.Data
NetLogo
NetRexx
NewLISP
NEWP
Newspeak
NewtonScript
NGL
Nial
Nice
Nickle
NITIN
Nim
Node.js
NPL
Not eXactly C
NXC
Not Quite C
NQC
NSIS
Nu
NWScript
NXT-G
XML
Oak
Oberon
OBJ2
Object Lisp
ObjectLOGO
Object REXX
Object Pascal
Objective-C
Objective-J
Obliq
OCaml
occam
occam-π
Octave
OmniMark
Onyx
Opa
Opal
OpenCL
OpenEdge ABL
OPL
OpenVera
OPS5
OptimJ
Orc
ORCA/Modula-2
Oriel
Orwell
Oxygene
Oz
P′′
P#
ParaSail
PARI/GP
Pascal – ISO 7185
PCASTL
PCF
PEARL
PeopleCode
Perl
PDL
Perl 6
Pharo
PHP
Pico
Picolisp
Pict
Pike
PIKT
PILOT
Pipelines
Pizza
PL-11
PL/0
PL/B
PL/C
PL/I – ISO 6160
PL/M
PL/P
PL/SQL
PL360
PLANC
Plankalkül
Planner
PLEX
PLEXIL
Plus
POP-11
POP-2
PostScript
PortablE
Powerhouse
PowerBuilder
PowerBuilder – 4GL GUI application generator from Sybase
PowerShell
PPL
Processing
Processing.js
Prograph
PROIV
Prolog
PROMAL
Promela
PROSE
PROSE modeling language
PROTEL
ProvideX
Pro*C
Pure
Pure Data
Python
Q 
Q (equational programming language)
Q (programming language from Kx Systems)
Qalb
QtScript
QuakeC
QPL
R
R++
Racket
RAPID
Rapira
Ratfiv
Ratfor
rc
REBOL
Red
Redcode
REFAL
Reia
REXX
Ring
Rlab
ROOP
RPG
RPL
RSL
RTL/2
Ruby
RuneScript
Rust
S
S2
S3
S-Lang
S-PLUS
SA-C
SabreTalk
SAIL
SALSA
SAM76
SAS
SASL
Sather
Sawzall
SBL
Scala
Scheme
Scilab
Scratch
Script.NET
Sed
Seed7
Self
SenseTalk
SequenceL
SETL
SIMPOL
SIGNAL
SiMPLE
SIMSCRIPT
Simula
Simulink
Singularity
SISAL
SLIP
SMALL
Smalltalk
Small Basic
SML
Strongtalk
Snap!
SNOBOL(SPITBOL)
SPITBOL
Snowball
SOL
Solidity
SPARK
Speedcode
SPIN
SP/k
SPS
SQL
SQR
Squeak
Squirrel
SR
S/SL
Stackless Python
Starlogo
Strand
Stata
Stateflow
Subtext
SuperCollider
SuperTalk
Swift
Swift (Apple programming language)
Swift (parallel scripting language)
SYMPL
SyncCharts
SystemVerilog
T
TACL
TACPOL
TADS
TAL
Tcl
Tea
TECO
TELCOMP
TeX
TEX
TIE
Timber
TMG
Tom
TOM
Toi
Topspeed
TPU
Trac
TTM
T-SQL
Transcript
TTCN
Turing
TUTOR
TXL
TypeScript
Typescript
Ubercode
UCSD Pascal
Umple
Unicon
Uniface
UNITY
Unix shell
UnrealScript
Vala
Verilog
VHDL
Visual Basic
Visual Basic .NET
Visual DataFlex
Visual DialogScript
Visual Fortran
Visual FoxPro
Visual J++
Visual J#
Visual Objects
Visual Prolog
VSXu
vvvv
WATFIV, WATFOR
WebDNA
WebQL
Whiley
Windows PowerShell
Winbatch
Wolfram
Wolfram Language
Wyvern
X10
XBL
XC 
XMOS
xHarbour
XL
XSL
Xojo
XOTcl
XPL
XPL0
XQuery
XSB
XSharp
XSLT
XPath
Xtend
X++
Yorick
YQL
Yoix
Z notation
Zeno
ZOPL
Zsh
ZPL