Podsumowanie
PODSUMOWANIE
Profil
PROFIL
Cel
CEL
Cele
CELE
Główne momenty
Główne Momenty
GŁÓWNE MOMENTY
Kwalifikacje
KWALIFIKACJE
Podsumowanie kwalifikacji
Podsumowanie Kwalifikacji
PODSUMOWANIE KWALIFIKACJI
Cel zawodowy
Cel Zawodowy
CEL ZAWODOWY
C E L Z A W O D O W Y
Profesjonalny profil
Profesjonalny Profil
PROFESJONALNY PROFIL
Podsumowanie techniczne
Podsumowanie Techniczne
PODSUMOWANIE TECHNICZNE
Cel zatrudnienia
Cel Zatrudnienia
CEL ZATRUDNIENIA
Cel kariery
Cel Kariery
CEL KARIERY
STRESZCZENIE KARIERY ZAWODOWEJ
Streszczenie kariery zawodowej
Streszczenie Kariery Zawodowej