Doświadczenie
DOŚWIADCZENIE
Znajomość
ZNAJOMOŚĆ
WOLNY ZAWÓD
Wolny zawód
Wolny Zawód
Pracownik nieetatowy
Pracownik Nieetatowy
PRACOWNIK NIEETATOWY
Projekt
PROJEKT
Projekty
PROJEKTY
Powiązane doświadczenie
Powiązane Doświadczenie
POWIĄZANE DOŚWIADCZENIE
Doświadczenie zawodowe
Doświadczenie Zawodowe
DOŚWIADCZENIE ZAWODOWE
Historia pracy
Historia Pracy
HISTORIA PRACY
Doświadczenie Freelance
Doświadczenie freelance
DOŚWIADCZENIE FREELANCE
Doświadczenie wojskowe
Doświadczenie Wojskowe
DOŚWIADCZENIE WOJSKOWE
Historia zatrudnienia
Historia Zatrudnienia
HISTORIA ZATRUDNIENIA
Powiązane doświadczenie
Powiązane Doświadczenie
POWIĄZANE DOŚWIADCZENIE
Rozwój osobisty
Rozwój Osobisty
ROZWÓJ OSOBISTY