Skills
skill
SKILLS
SKILL SET
Skill Set
Skill set
Abilities
ABILITIES
Experience
EXPERIENCE
Expertise
EXPERTISE
Knowledge
KNOWLEDGE
Credentials
CREDENTIALS
Career
CAREER
Qualifications
QUALIFICATIONS
Languages
LANGUAGES
Technologies
TECHNOLOGIES
Proficiencies
PROFICIENCIES
Areas of Experience
AREAS OF EXPERIENCE
Areas of Expertise
AREAS OF EXPERTISE
Areas of Knowledge
AREAS OF KNOWLEDGE
Career Related Skills
CAREER RELATED SKILLS
Computer Knowledge
COMPUTER KNOWLEDGE
Computer Skills
COMPUTER SKILLS
Language Competencies and Skills
LANGUAGE COMPETENCIES AND SKILLS
Professional Skills
PROFESSIONAL SKILLS
PROFESSIONNAL EXPERIENCE
Professional Experience
Professional experience
Programming Languages
PROGRAMMING LANGUAGES
Specialized Skills
SPECIALIZED SKILLS
Technical Experience
TECHNICAL EXPERIENCE
TECHNOLOGY KNOWLEDGE
Technology Knowledge
Technology knowledge
Technical Skills
TECHNICAL SKILLS
Skills Summary
Skills summary