Conventions
CONVENTIONS
Dissertation
DISSERTATION
Dissertations
DISSERTATIONS
Exhibits
EXHIBITS
Licenses
LICENSES
Papers
PAPERS
Presentations
PRESENTATIONS
Publications
PUBLICATIONS
Research
RESEARCH
Research Grants
RESEARCH GRANTS
Research Interests
Research interests
RESEARCH INTERESTS
Research Projects
RESEARCH PROJECTS
Thesis / Theses
THESIS / THESES
Publications / Presentations
PUBLICATIONS / PRESENTATIONS
Professional Publications
Professional publications
PROFESSIONAL PUBLICATIONS
Current Research Interests
Current research interests
CURRENT RESEARCH INTERESTS
Conference Presentations
CONFERENCE PRESENTATIONS