Umiejętności
UMIEJĘTNOŚCI
U M I E J Ę T N O Ś C I
Zestaw umiejętności
Zestaw Umiejętności
ZESTAW UMIEJĘTNOŚCI
Zdolnośći
ZDOLNOŚĆI
Doświadczenie
DOŚWIADCZENIE
Ekspertyza
EKSPERTYZA
Wiedza
WIEDZA
Wiedza, umiejętności
Wiedza, Umiejętności
WIEDZA, UMIEJĘTNOŚCI
W I E D Z A , U M I E J Ę T N O Ś C I
Kwalifikacje
KWALIFIKACJE
Kariera
KARIERA
Języki
JĘZYKI
J Ę Z Y K I
Języki obce
Języki Obce
JĘZYKI OBCE
Technologie
TECHNOLOGIE
Sprawność
SPRAWNOŚĆ
Obszar doświadczeńia
Obszar Doświadczeńia
OBSZAR DOŚWIADCZEŃIA
Umiejętności związane z karierą
Umiejętności Związane z Karierą
Umiejętności Związane Z Karierą
UMIEJĘTNOŚCI ZWIĄZANE Z KARIERĄ
Wiedza komputerowa
Wiedza Komputerowa
WIEDZA KOMPUTEROWA
Znajomość obsługi komputera
Znajomość Obsługi Komputera
ZNAJOMOŚĆ OBSŁUGI KOMPUTERA
Umiejętności językowe
Umiejętności Językowe
UMIEJĘTNOŚCI JĘZYKOWE
Umiejętności zawodowe
Umiejętności Zawodowe
UMIEJĘTNOŚCI ZAWODOWE
Języki programowania
Języki Programowania
JĘZYKI PROGRAMOWANIA
Umiejętności specjalistyczne
Umiejętności Specjalistyczne
UMIEJĘTNOŚCI SPECJALISTYCZNE
Doświadczenie techniczne
Doświadczenie Techniczne
DOŚWIADCZENIE TECHNICZNE
Znajomość technologii
Znajomość Technologii
ZNAJOMOŚĆ TECHNOLOGII