EDUCATION
Education
INTERNSHIPS
Internships
EXPERIENCE
Experience
Programs
PROGRAMS
COURSE
COURSES
Course
Courses
Study
STUDY
Training
TRAINING
CERTIFICATION
Certification
CERTIFICATIONS
Certifications
Workshop
WORKSHOP
Workshops
WORKSHOPS
ACADEMIC BACKGROUND
Academic Background
ACADEMIC EXPERIENCE
Academic Experience
ACADEMIC TRAINING
Academic Training
COLLEGE ACTIVITIES
College Activities
EDUCATION AND TRAINING
Education and Training
EDUCATIONAL BACKGROUND
Educational Background
EDUCATIONAL QUALIFICATIONS
Educational Qualifications
EDUCATIONAL TRAINING
Educational Training
INTERNSHIP EXPERIENCE
Internship Experience
COURSE PROJECTS
Course Projects
