Activities
ACTIVITIES
Affiliations
AFFILIATIONS
Associations
ASSOCIATIONS
Memberships
MEMBERSHIPS
Activities and Honors
ACTIVITIES AND HONORS
Athletic Involvement
ATHLETIC INVOLVEMENT
Civic Activities
CIVIC ACTIVITIES
Community Involvement
COMMUNITY INVOLVEMENT
Extra-Curricular Activities
EXTRA-CURRICULAR ACTIVITIES
Professional Activities
PROFESSIONAL ACTIVITIES
Professional Affiliations
PROFESSIONAL AFFILIATIONS
Professional Associations
PROFESSIONAL ASSOCIATIONS
Professional Memberships
PROFESSIONAL MEMBERSHIPS
Volunteer Experience
VOLUNTEER EXPERIENCE
Volunteer Work
VOLUNTEER WORK
OTHER ACTIVITIES
Other Activities
MISCELLANEOUS
Miscellaneous
