EXPERIENCE
Experience
FREELANCE
Freelance
Project
PROJECT
Projects
PROJECTS
Related Experience
RELATED EXPERIENCE
WORK EXPERIENCE
Work Experience
Work experience
Work History
Work history
WORK HISTORY
FREELANCE EXPERIENCE
Freelance Experience
Freelance experience
MILITARY BACKGROUND
Military Background
Military background
MILITARY EXPERIENCE
Military Experience
PROFESSIONAL BACKGROUND
Professional Background
Professional background
PROFESSIONAL EXPERIENCE
Professional Experience
Professional experience
ADDITIONAL EXPERIENCE
Additional Experience
ARMY EXPERIENCE
Army Experience
Army experience
CAREER RELATED EXPERIENCE
Career Related Experience
Career related experience
EMPLOYMENT HISTORY
Employment History
Employment history
Related Experience
RELATED EXPERIENCE
Personal Development
Personal development