Edukacja
EDUKACJA
Wykształcenie
WYKSZTAŁCENIE
W Y K S Z T A Ł C E N I E
Kształcenie
KSZTAŁCENIE
Wychowanie
WYCHOWANIE
Szkolnictwo
SZKOLNICTWO
Nauka
NAUKA
Oświata
OŚWIATA
Pedagogika
PEDAGOGIKA
Tresura
TRESURA
Praktyki
PRAKTYKI
Programy
PROGRAMY
Audycja
AUDYCJA
Kurs
KURS
Badanie
BADANIE
Studium
STUDIUM
Trening
TRENING
Szkolenie
SZKOLENIE
Orzecznictwo
ORZECZNICTWO
Certyfikaty
CERTYFIKATY
Warsztat
WARSZTAT
Warsztaty
WARSZTATY
Doświadczenie akademickie
Doświadczenie Akademickie
DOŚWIADCZENIE AKADEMICKIE
Działalność na uczelni
Działalność na Uczelni
Działalność Na Uczelni
DZIAŁALNOŚĆ NA UCZELNI
Edukacja i trening
Edukacja i Trening
Edukacja I Trening
EDUKACJA I TRENING
Kwalifikacje edukacyjne
Kwalifikacje Edukacyjne
KWALIFIKACJE EDUKACYJNE
Projekty
PROJEKTY
Narzędzia
NARZĘDZIA