SUMMARY
Summary
PROFILE
Profile
OBJECTIVE
Objective
HIGHLIGHTS
Highlights
QUALIFICATIONS
Qualifications
SUMMARY OF QUALIFICATIONS
Summary of Qualifications
Summary of qualifications
PROFESSIONAL OBJECTIVE
Professional Objective
Professional Profile
PROFESSIONAL PROFILE
Professional Summary
PROFESSIONAL SUMMARY
SUMMARY STATEMENT
Summary Statement
TECHNICAL SUMMARY
Technical Summary
EMPLOYMENT OBJECTIVE
Employment Objective
CAREER GOAL
Career Goal
CAREER OBJECTIVE
Career Objective
CAREER SUMMARY
Career Summary
JOB OBJECTIVE
