Zainteresowania
ZAINTERESOWANIA
Z A I N T E R E S O W A N I A
Działalność
DZIAŁALNOŚĆ
Załączniki
ZAŁĄCZNIKI
Członkostwa
CZŁONKOSTWA
Osobista
OSOBISTA
Osobista informacja
Osobista Informacja
OSOBISTA INFORMACJA
Inne
INNE
Mocne strony
Mocne Strony
MOCNE STRONY
Siłne strony
Siłne Strony
SIŁNE STRONY
Ochotnik
OCHOTNIK
O R G A N I Z A C J E
Organizacje
ORGANIZACJE
A K T Y W N O Ś C I
Aktywności
AKTYWNOŚCI
S T O W A R Z Y S Z E N I A
Stowarzyszenia
STOWARZYSZENIA
O R G A N I Z A C J E , A K T Y W N O Ś C I , S T O W A R Z Y S Z E N I A